Change Component Designator: Old Designator=C171 New Designator=C161
Change Component Designator: Old Designator=C172 New Designator=C162
Change Component Designator: Old Designator=C173 New Designator=C163
Change Component Designator: Old Designator=C175 New Designator=C165
Change Component Designator: Old Designator=C182 New Designator=C166
Change Component Designator: Old Designator=C205 New Designator=C167
Change Component Designator: Old Designator=C206 New Designator=C168
Change Component Designator: Old Designator=C207 New Designator=C169
Change Component Designator: Old Designator=C208 New Designator=C170
Change Component Designator: Old Designator=C209 New Designator=C171
Change Component Designator: Old Designator=C210 New Designator=C172
Change Component Designator: Old Designator=C211 New Designator=C173
Change Component Designator: Old Designator=C212 New Designator=C174
Change Component Designator: Old Designator=C213 New Designator=C175
Change Component Designator: Old Designator=C214 New Designator=C176
Change Component Designator: Old Designator=C215 New Designator=C177
Change Component Designator: Old Designator=C216 New Designator=C178
Change Component Designator: Old Designator=C217 New Designator=C179
Change Component Designator: Old Designator=C218 New Designator=C180
Change Component Designator: Old Designator=C219 New Designator=C181
Change Component Designator: Old Designator=C220 New Designator=C182
Change Component Designator: Old Designator=C221 New Designator=C183
Change Component Designator: Old Designator=C222 New Designator=C184
Change Component Designator: Old Designator=C223 New Designator=C185
Change Component Designator: Old Designator=C224 New Designator=C186
Change Component Designator: Old Designator=C225 New Designator=C187
Change Component Designator: Old Designator=C226 New Designator=C188
Change Component Designator: Old Designator=C227 New Designator=C189
Change Component Designator: Old Designator=C228 New Designator=C190
Change Component Designator: Old Designator=C229 New Designator=C191
Change Component Designator: Old Designator=C230 New Designator=C192
Change Component Designator: Old Designator=C231 New Designator=C193
Change Component Designator: Old Designator=C232 New Designator=C194
Change Component Designator: Old Designator=C233 New Designator=C195
Change Component Designator: Old Designator=C234 New Designator=C196
Change Component Designator: Old Designator=C? New Designator=C164
Change Component Designator: Old Designator=L11 New Designator=L10
Change Component Designator: Old Designator=L12 New Designator=L11
Change Component Designator: Old Designator=L15 New Designator=L12
Change Component Designator: Old Designator=L? New Designator=L8
Change Component Designator: Old Designator=L? New Designator=L9
Change Component Designator: Old Designator=R91 New Designator=R95
Change Component Designator: Old Designator=R92 New Designator=R96
Change Component Designator: Old Designator=R93 New Designator=R97
Change Component Designator: Old Designator=R95 New Designator=R99
Change Component Designator: Old Designator=R96 New Designator=R100
Change Component Designator: Old Designator=R98 New Designator=R102
Change Component Designator: Old Designator=R99 New Designator=R103
Change Component Designator: Old Designator=R100 New Designator=R104
Change Component Designator: Old Designator=R101 New Designator=R105
Change Component Designator: Old Designator=R102 New Designator=R106
Change Component Designator: Old Designator=R103 New Designator=R107
Change Component Designator: Old Designator=R104 New Designator=R108
Change Component Designator: Old Designator=R105 New Designator=R109
Change Component Designator: Old Designator=R? New Designator=R98
Change Component Designator: Old Designator=R? New Designator=R101
